  Rendered text template (0.0ms)
Completed 200 OK in 4197ms (Views: 2.8ms | ActiveRecord: 39.3ms)


Started GET "/billing/callc/hourly_actions" for 127.0.0.1 at 2016-06-27 01:51:06 -0500
Processing by CallcController#hourly_actions as */*
  Rendered callc/hourly_actions.html.erb within layouts/callc (0.1ms)
Completed 200 OK in 6324ms (Views: 7.4ms | ActiveRecord: 70.8ms)


Started GET "/billing/callc/hourly_actions" for 127.0.0.1 at 2016-06-27 02:51:01 -0500
Processing by CallcController#hourly_actions as */*
  Rendered callc/hourly_actions.html.erb within layouts/callc (0.1ms)
Completed 200 OK in 3372ms (Views: 5.4ms | ActiveRecord: 67.2ms)


Started GET "/billing/callc/hourly_actions" for 127.0.0.1 at 2016-06-27 03:51:01 -0500
Processing by CallcController#hourly_actions as */*
  Rendered callc/hourly_actions.html.erb within layouts/callc (0.1ms)
Completed 200 OK in 5104ms (Views: 5.3ms | ActiveRecord: 68.6ms)


Started GET "/billing/callc/hourly_actions" for 127.0.0.1 at 2016-06-27 04:51:01 -0500
Processing by CallcController#hourly_actions as */*
  Rendered callc/hourly_actions.html.erb within layouts/callc (0.1ms)
Completed 200 OK in 5270ms (Views: 5.4ms | ActiveRecord: 77.9ms)


Started GET "/billing/callc/hourly_actions" for 127.0.0.1 at 2016-06-27 05:51:01 -0500
Processing by CallcController#hourly_actions as */*
  Rendered callc/hourly_actions.html.erb within layouts/callc (0.1ms)
Completed 200 OK in 6305ms (Views: 5.2ms | ActiveRecord: 67.3ms)


Started GET "/billing/callc/hourly_actions" for 127.0.0.1 at 2016-06-27 06:51:01 -0500
Processing by CallcController#hourly_actions as */*
  Rendered callc/hourly_actions.html.erb within layouts/callc (0.1ms)
Completed 200 OK in 7201ms (Views: 5.5ms | ActiveRecord: 65.6ms)


Started GET "/billing/callc/hourly_actions" for 127.0.0.1 at 2016-06-27 07:51:01 -0500
Processing by CallcController#hourly_actions as */*
  Rendered callc/hourly_actions.html.erb within layouts/callc (0.1ms)
Completed 200 OK in 5920ms (Views: 5.5ms | ActiveRecord: 62.9ms)


Started GET "/billing/callc/hourly_actions" for 127.0.0.1 at 2016-06-27 08:51:01 -0500
Processing by CallcController#hourly_actions as */*
  Rendered callc/hourly_actions.html.erb within layouts/callc (0.0ms)
Completed 200 OK in 10135ms (Views: 66.5ms | ActiveRecord: 79.9ms)


Started GET "/billing/callc/hourly_actions" for 127.0.0.1 at 2016-06-27 09:51:01 -0500
Processing by CallcController#hourly_actions as */*
  Rendered callc/hourly_actions.html.erb within layouts/callc (0.1ms)
Completed 200 OK in 7835ms (Views: 69.2ms | ActiveRecord: 69.7ms)


Started GET "/billing/callc/hourly_actions" for 127.0.0.1 at 2016-06-27 10:51:01 -0500
Processing by CallcController#hourly_actions as */*
  Rendered callc/hourly_actions.html.erb within layouts/callc (0.1ms)
Completed 200 OK in 1821ms (Views: 65.7ms | ActiveRecord: 60.1ms)


Started GET "/billing/callc/hourly_actions" for 127.0.0.1 at 2016-06-27 11:51:01 -0500
Processing by CallcController#hourly_actions as */*
  Rendered callc/hourly_actions.html.erb within layouts/callc (0.1ms)
Completed 200 OK in 3062ms (Views: 7.3ms | ActiveRecord: 69.9ms)


Started GET "/billing/callc/hourly_actions" for 127.0.0.1 at 2016-06-27 12:51:01 -0500
Processing by CallcController#hourly_actions as */*
  Rendered callc/hourly_actions.html.erb within layouts/callc (0.1ms)
Completed 200 OK in 1485ms (Views: 5.4ms | ActiveRecord: 70.3ms)


Started GET "/billing/callc/hourly_actions" for 127.0.0.1 at 2016-06-27 13:51:01 -0500
Processing by CallcController#hourly_actions as */*
  Rendered callc/hourly_actions.html.erb within layouts/callc (0.1ms)
Completed 200 OK in 1012ms (Views: 5.4ms | ActiveRecord: 134.2ms)


Started GET "/billing/callc/hourly_actions" for 127.0.0.1 at 2016-06-27 14:51:01 -0500
Processing by CallcController#hourly_actions as */*
  Rendered callc/hourly_actions.html.erb within layouts/callc (0.1ms)
Completed 200 OK in 6120ms (Views: 5.5ms | ActiveRecord: 66.4ms)


Started GET "/billing/callc/hourly_actions" for 127.0.0.1 at 2016-06-27 15:51:01 -0500
Processing by CallcController#hourly_actions as */*
  Rendered callc/hourly_actions.html.erb within layouts/callc (0.1ms)
Completed 200 OK in 2236ms (Views: 5.1ms | ActiveRecord: 82.6ms)


Started GET "/billing/callc/hourly_actions" for 127.0.0.1 at 2016-06-27 16:51:01 -0500
Processing by CallcController#hourly_actions as */*
  Rendered callc/hourly_actions.html.erb within layouts/callc (0.1ms)
Completed 200 OK in 2235ms (Views: 6.8ms | ActiveRecord: 84.2ms)


Started GET "/billing/callc/hourly_actions" for 127.0.0.1 at 2016-06-27 17:51:01 -0500
Processing by CallcController#hourly_actions as */*
  Rendered callc/hourly_actions.html.erb within layouts/callc (0.1ms)
Completed 200 OK in 2899ms (Views: 5.5ms | ActiveRecord: 69.8ms)


Started GET "/billing/callc/hourly_actions" for 127.0.0.1 at 2016-06-27 18:51:01 -0500
Processing by CallcController#hourly_actions as */*
  Rendered callc/hourly_actions.html.erb within layouts/callc (0.1ms)
Completed 200 OK in 9324ms (Views: 5.3ms | ActiveRecord: 69.1ms)


Started GET "/billing/callc/hourly_actions" for 127.0.0.1 at 2016-06-27 19:51:01 -0500
Processing by CallcController#hourly_actions as */*
  Rendered callc/hourly_actions.html.erb within layouts/callc (0.1ms)
Completed 200 OK in 5781ms (Views: 5.1ms | ActiveRecord: 66.3ms)


Started GET "/billing/callc/hourly_actions" for 127.0.0.1 at 2016-06-27 20:51:01 -0500
Processing by CallcController#hourly_actions as */*
  Rendered callc/hourly_actions.html.erb within layouts/callc (0.1ms)
Completed 200 OK in 1979ms (Views: 5.1ms | ActiveRecord: 69.4ms)
